<?xml version="1.0" encoding="UTF-8"?>
<!-- Generated by org.testng.reporters.JUnitXMLReporter -->
<testsuite ignored="2" hostname="DESKTOP-DC07V1Q" failures="0" tests="2" name="Default test" time="65.772" errors="0" timestamp="27 Feb 2020 18:41:12 GMT">
  <testcase classname="com.crm.qa.testcases.ContactsPageTest" name="validateCreateNewContact" time="0.404"/>
  <testcase classname="com.crm.qa.testcases.ContactsPageTest" name="validateCreateNewContact" time="0.417"/>
  <testcase classname="com.crm.qa.testcases.ContactsPageTest" name="CreateNewContact" time="0.0">
    <ignored/>
  </testcase> <!-- CreateNewContact -->
  <testcase classname="com.crm.qa.testcases.ContactsPageTest" name="verifyContactsPageLabel" time="0.0">
    <ignored/>
  </testcase> <!-- verifyContactsPageLabel -->
</testsuite> <!-- Default test -->
