<?xml version="1.0" encoding="UTF-8"?>
<testng-results ignored="2" total="4" passed="2" failed="0" skipped="0">
  <reporter-output>
  </reporter-output>
  <suite started-at="2020-02-27T18:40:06Z" name="Default suite" finished-at="2020-02-27T18:41:12Z" duration-ms="65772">
    <groups>
    </groups>
    <test started-at="2020-02-27T18:40:06Z" name="Default test" finished-at="2020-02-27T18:41:12Z" duration-ms="65772">
      <class name="com.crm.qa.testcases.ContactsPageTest">
        <test-method is-config="true" signature="setUp()[pri:0, instance:com.crm.qa.testcases.ContactsPageTest@3e3047e6]" started-at="2020-02-27T13:40:07Z" name="setUp" finished-at="2020-02-27T13:40:39Z" duration-ms="32640" status="PASS">
          <reporter-output>
          </reporter-output>
        </test-method> <!-- setUp -->
        <test-method signature="validateCreateNewContact(java.lang.String, java.lang.String, java.lang.String)[pri:3, instance:com.crm.qa.testcases.ContactsPageTest@3e3047e6]" started-at="2020-02-27T13:40:39Z" name="validateCreateNewContact" data-provider="getCRMTestData" finished-at="2020-02-27T13:40:40Z" duration-ms="404" status="PASS">
          <params>
            <param index="0">
              <value>
                <![CDATA[Marry]]>
              </value>
            </param>
            <param index="1">
              <value>
                <![CDATA[Ds]]>
              </value>
            </param>
            <param index="2">
              <value>
                <![CDATA[Ebay]]>
              </value>
            </param>
          </params>
          <reporter-output>
          </reporter-output>
        </test-method> <!-- validateCreateNewContact -->
        <test-method is-config="true" signature="tearDown()[pri:0, instance:com.crm.qa.testcases.ContactsPageTest@3e3047e6]" started-at="2020-02-27T13:40:40Z" name="tearDown" finished-at="2020-02-27T13:40:40Z" duration-ms="627" status="PASS">
          <reporter-output>
          </reporter-output>
        </test-method> <!-- tearDown -->
        <test-method is-config="true" signature="setUp()[pri:0, instance:com.crm.qa.testcases.ContactsPageTest@3e3047e6]" started-at="2020-02-27T13:40:40Z" name="setUp" finished-at="2020-02-27T13:41:11Z" duration-ms="30638" status="PASS">
          <reporter-output>
          </reporter-output>
        </test-method> <!-- setUp -->
        <test-method signature="validateCreateNewContact(java.lang.String, java.lang.String, java.lang.String)[pri:3, instance:com.crm.qa.testcases.ContactsPageTest@3e3047e6]" started-at="2020-02-27T13:41:11Z" name="validateCreateNewContact" data-provider="getCRMTestData" finished-at="2020-02-27T13:41:11Z" duration-ms="417" status="PASS">
          <params>
            <param index="0">
              <value>
                <![CDATA[David]]>
              </value>
            </param>
            <param index="1">
              <value>
                <![CDATA[Thomas]]>
              </value>
            </param>
            <param index="2">
              <value>
                <![CDATA[Home Depot]]>
              </value>
            </param>
          </params>
          <reporter-output>
          </reporter-output>
        </test-method> <!-- validateCreateNewContact -->
        <test-method is-config="true" signature="tearDown()[pri:0, instance:com.crm.qa.testcases.ContactsPageTest@3e3047e6]" started-at="2020-02-27T13:41:11Z" name="tearDown" finished-at="2020-02-27T13:41:12Z" duration-ms="618" status="PASS">
          <reporter-output>
          </reporter-output>
        </test-method> <!-- tearDown -->
      </class> <!-- com.crm.qa.testcases.ContactsPageTest -->
    </test> <!-- Default test -->
  </suite> <!-- Default suite -->
</testng-results>
